<?xml version="1.0" encoding="UTF-8"?>
<testsuite xmlns:xsi="http://www.w3.org/2001/XMLSchema-instance" xsi:noNamespaceSchemaLocation="https://maven.apache.org/surefire/maven-surefire-plugin/xsd/surefire-test-report-3.0.xsd" version="3.0" name="com.mycompany.passwordmanager.bo.PasswordHasherTest" time="0.117" tests="2" errors="0" skipped="0" failures="0">
  <properties>
[...]
</properties>
  <testcase name="testHashSha512" classname="com.mycompany.passwordmanager.bo.PasswordHasherTest" time="0.092">
    <system-out><![CDATA[PasswordHasherTest - Password: MyTestPassword, Hash Algorithem: SHA-512, Expected Result: 6c1e1bd5f8d2d053d3cb4152a3a6464e977039f824500b5d60735fcb59dc1f8056f267e99214d7008ecc45e910d4ee0e729bfe793cee4a772b6c6781e355c175 -> Result: 6c1e1bd5f8d2d053d3cb4152a3a6464e977039f824500b5d60735fcb59dc1f8056f267e99214d7008ecc45e910d4ee0e729bfe793cee4a772b6c6781e355c175
]]></system-out>
  </testcase>
  <testcase name="testHashMd5" classname="com.mycompany.passwordmanager.bo.PasswordHasherTest" time="0.003">
    <system-out><![CDATA[PasswordHasherTest - Password: MyTestPassword, Hash Algorithem: MD5, Expected Result: 72418435a5ebb5949ccaa42f55bc15f3 -> Result: 72418435a5ebb5949ccaa42f55bc15f3
]]></system-out>
  </testcase>
</testsuite>